
=== Tue Dec  4 22:27:41 2018

Packages were changed.
Update Mode: mergeDefaultDependencies

The following packages were updated:
  com.unity.analytics from version 3.0.9 to 3.2.2
  com.unity.package-manager-ui from version 2.0.0-preview.7 to 2.1.0-preview.1

=== Fri Dec  7 09:17:26 2018

Packages were changed.
Update Mode: updateDependencies

The following packages were updated:
  com.unity.package-manager-ui from version 2.1.0-preview.1 to 0.0.0-builtin

=== Sun Sep 27 00:10:53 2020

Packages were changed.
Update Mode: updateDependencies

The following packages were added:
  com.unity.2d.sprite@1.0.0
  com.unity.2d.tilemap@1.0.0
  com.unity.ide.rider@1.2.1
  com.unity.ide.visualstudio@2.0.2
  com.unity.ide.vscode@1.2.1
  com.unity.modules.androidjni@1.0.0
  com.unity.test-framework@1.1.16
  com.unity.ugui@1.0.0
The following packages were updated:
  com.unity.2d.pixel-perfect from version 1.0.1-preview to 3.0.2
  com.unity.2d.spriteshape from version 1.0.12-preview.1 to 4.1.3
  com.unity.ads from version 2.0.8 to 3.4.9
  com.unity.analytics from version 3.2.2 to 3.3.5
  com.unity.collab-proxy from version 1.2.9 to 1.3.9
  com.unity.inputsystem from version 0.1.2-preview to 1.0.0
  com.unity.purchasing from version 2.0.1 to 2.1.0
  com.unity.textmeshpro from version 1.3.0 to 3.0.1
The following packages were removed:
  com.unity.package-manager-ui@0.0.0-builtin
